<?xml version="1.0" encoding="UTF-8"?>
<!-- Generated by org.testng.reporters.JUnitReportReporter -->
<testsuite hostname="VijayBhaskar-PC" name="TestClass1" tests="1" failures="0" timestamp="25 Jul 2015 17:15:48 GMT" time="29.694" errors="0">
  <testcase name="Testcase1" time="29.694" classname="TestClass1"/>
</testsuite> <!-- TestClass1 -->
